<?xml version="1.0" encoding="UTF-8"?>
<!-- Generated by org.testng.reporters.JUnitReportReporter -->
<testsuite hostname="Mauritius" failures="0" tests="2" name="mercuryTours.tests.registrationFuncTest" time="18.819" errors="0" timestamp="2023-11-01T11:42:02 IST" skipped="0">
  <testcase classname="mercuryTours.tests.registrationFuncTest" name="registrationForm" time="10.748"/>
  <testcase classname="mercuryTours.tests.registrationFuncTest" name="registrationForm" time="8.071"/>
</testsuite> <!-- mercuryTours.tests.registrationFuncTest -->
